<?xml version="1.0" encoding="utf-8"?><testsuites name="pytest tests"><testsuite name="pytest" errors="0" failures="0" skipped="0" tests="41" time="6.919" timestamp="2026-09-10T12:25:54.866213+00:00" hostname="ip-172-31-31-181"><testcase classname="tests.test_t1_candidates" name="test_frozen_parameters_are_read_from_the_repository" time="0.001" /><testcase classname="tests.test_t1_candidates" name="test_census_derived_from_frozen_dag_equals_frozen_o9_census" time="0.018" /><testcase classname="tests.test_t1_candidates" name="test_construction_order_is_a_topological_order_of_the_frozen_dag" time="0.002" /><testcase classname="tests.test_t1_candidates" name="test_task1r_F0_bit_exact_against_the_frozen_task1_f0_function" time="0.272" /><testcase classname="tests.test_t1_candidates" name="test_task1r_F0_matches_the_authorized_runtime_frozen_identity" time="3.821" /><testcase classname="tests.test_t1_candidates" name="test_cell150_full_basis_is_complete_unique_and_finite" time="0.334" /><testcase classname="tests.test_t1_candidates" name="test_no_deferred_stub_remains_on_the_candidate_path" time="0.007" /><testcase classname="tests.test_t1_candidates" name="test_exact_constant_candidate_is_exact" time="0.000" /><testcase classname="tests.test_t1_candidates" name="test_two_fresh_processes_are_byte_identical" time="0.901" /><testcase classname="tests.test_t1_candidates" name="test_cell315_exact_terminal_geometry" time="0.001" /><testcase classname="tests.test_t1_candidates" name="test_cell315_candidates_consume_the_exact_affine_e0" time="0.333" /><testcase classname="tests.test_t1_candidates" name="test_sr_constants_equal_the_frozen_sr_local_constants" time="0.000" /><testcase classname="tests.test_t1_candidates" name="test_assembled_system_reuse_equals_fresh_assembly_bit_for_bit" time="0.348" /><testcase classname="tests.test_t1_candidates" name="test_refuses_wrong_bidegree[bd0]" time="0.000" /><testcase classname="tests.test_t1_candidates" name="test_refuses_wrong_bidegree[bd1]" time="0.000" /><testcase classname="tests.test_t1_candidates" name="test_refuses_wrong_bidegree[bd2]" time="0.000" /><testcase classname="tests.test_t1_candidates" name="test_refuses_wrong_precision[53]" time="0.000" /><testcase classname="tests.test_t1_candidates" name="test_refuses_wrong_precision[128]" time="0.000" /><testcase classname="tests.test_t1_candidates" name="test_refuses_wrong_precision[512]" time="0.000" /><testcase classname="tests.test_t1_candidates" name="test_scientific_helpers_refuse_the_ambient_precision" time="0.000" /><testcase classname="tests.test_t1_candidates" name="test_result_is_independent_of_the_ambient_precision" time="0.656" /><testcase classname="tests.test_t1_candidates" name="test_refuses_malformed_cells" time="0.017" /><testcase classname="tests.test_t1_candidates" name="test_refuses_decimalised_or_moved_cell315_right_endpoint" time="0.016" /><testcase classname="tests.test_t1_candidates" name="test_refuses_unsupported_candidate_kinds[S:3:k0]" time="0.000" /><testcase classname="tests.test_t1_candidates" name="test_refuses_unsupported_candidate_kinds[S:4:k2]" time="0.000" /><testcase classname="tests.test_t1_candidates" name="test_refuses_unsupported_candidate_kinds[W:3,0:k0]" time="0.000" /><testcase classname="tests.test_t1_candidates" name="test_refuses_unsupported_candidate_kinds[W:0,3:k0]" time="0.000" /><testcase classname="tests.test_t1_candidates" name="test_refuses_unsupported_candidate_kinds[W:1,2:k1]" time="0.000" /><testcase classname="tests.test_t1_candidates" name="test_refuses_unsupported_candidate_kinds[M_R2:1]" time="0.000" /><testcase classname="tests.test_t1_candidates" name="test_refuses_unsupported_candidate_kinds[op:K:k0]" time="0.000" /><testcase classname="tests.test_t1_candidates" name="test_refuses_unsupported_candidate_kinds[R:1:k0]" time="0.000" /><testcase classname="tests.test_t1_candidates" name="test_refuses_unsupported_candidate_kinds[H:0:k0]" time="0.000" /><testcase classname="tests.test_t1_candidates" name="test_refuses_unsupported_candidate_kinds[F:5:k0]" time="0.000" /><testcase classname="tests.test_t1_candidates" name="test_refuses_unsupported_candidate_kinds[h:5:k0]" time="0.000" /><testcase classname="tests.test_t1_candidates" name="test_refuses_unsupported_candidate_kinds[h:1:k3]" time="0.000" /><testcase classname="tests.test_t1_candidates" name="test_refuses_unsupported_candidate_kinds[]" time="0.000" /><testcase classname="tests.test_t1_candidates" name="test_refuses_non_finite_nodal_values[nan]" time="0.000" /><testcase classname="tests.test_t1_candidates" name="test_refuses_non_finite_nodal_values[inf]" time="0.000" /><testcase classname="tests.test_t1_candidates" name="test_refuses_non_finite_nodal_values[-inf]" time="0.000" /><testcase classname="tests.test_t1_candidates" name="test_refuses_an_unpinned_thread_environment" time="0.074" /><testcase classname="tests.test_t1_candidates" name="test_the_cusum_degree12_helper_is_not_applied_to_sr_candidates" time="0.000" /></testsuite></testsuites>